2014/03/01 10:08:16 [error] [php] date(): It is not safe to rely on the system's timezone settings. You are *required* to use the date.timezone setting or the date_default_timezone_set() function. In case you used any of those methods and you are still getting this warning, you most likely misspelled the timezone identifier. We selected the timezone 'UTC' for now, but please set date.timezone to select your timezone. (/var/www/mtaigame/protected/views/layouts/main.php:51)
Stack trace:
#0 /var/www/framework/web/CBaseController.php(95): SiteController->renderInternal()
#1 /var/www/framework/web/widgets/CContentDecorator.php(76): SiteController->renderFile()
#2 /var/www/framework/web/widgets/CContentDecorator.php(54): CContentDecorator->decorate()
#3 /var/www/framework/web/widgets/COutputProcessor.php(44): CContentDecorator->processOutput()
#4 /var/www/framework/web/CBaseController.php(214): CContentDecorator->run()
#5 /var/www/framework/web/CBaseController.php(308): SiteController->endWidget()
#6 /var/www/mtaigame/protected/views/layouts/column1.php(6): SiteController->endContent()
#7 /var/www/framework/web/CBaseController.php(126): require()
#8 /var/www/framework/web/CBaseController.php(95): SiteController->renderInternal()
#9 /var/www/framework/web/CController.php(784): SiteController->renderFile()
#10 /var/www/mtaigame/protected/controllers/SiteController.php(32): SiteController->render()
#11 /var/www/framework/web/actions/CInlineAction.php(49): SiteController->actionIndex()
#12 /var/www/framework/web/CController.php(308): CInlineAction->runWithParams()
#13 /var/www/framework/web/CController.php(286): SiteController->runAction()
#14 /var/www/framework/web/CController.php(265): SiteController->runActionWithFilters()
#15 /var/www/framework/web/CWebApplication.php(282): SiteController->run()
#16 /var/www/framework/web/CWebApplication.php(141): CWebApplication->runController()
#17 /var/www/framework/base/CApplication.php(184): CWebApplication->processRequest()
#18 /var/www/mtaigame/index.php(13): CWebApplication->run()
REQUEST_URI=/mtaigame/
in /var/www/mtaigame/protected/views/layouts/main.php (51)
in /var/www/mtaigame/protected/views/layouts/column1.php (6)
in /var/www/mtaigame/protected/controllers/SiteController.php (32)
2014/03/01 17:20:23 [error] [exception.CException] exception 'CException' with message 'Alias "admin.model.Data" is invalid. Make sure it points to an existing directory or file.' in /var/www/framework/YiiBase.php:348
Stack trace:
#0 /var/www/framework/gii/generators/crud/CrudCode.php(59): YiiBase::import('admin.model.Dat...', true)
#1 /var/www/framework/validators/CInlineValidator.php(42): CrudCode->validateModel('model', Array)
#2 /var/www/framework/validators/CValidator.php(213): CInlineValidator->validateAttribute(Object(CrudCode), 'model')
#3 /var/www/framework/base/CModel.php(159): CValidator->validate(Object(CrudCode), NULL)
#4 /var/www/framework/gii/CCodeGenerator.php(159): CModel->validate()
#5 /var/www/framework/gii/CCodeGenerator.php(63): CCodeGenerator->prepare()
#6 /var/www/framework/web/actions/CInlineAction.php(49): CCodeGenerator->actionIndex()
#7 /var/www/framework/web/CController.php(308): CInlineAction->runWithParams(Array)
#8 /var/www/framework/web/CController.php(286): CController->runAction(Object(CInlineAction))
#9 /var/www/framework/web/CController.php(265): CController->runActionWithFilters(Object(CInlineAction), Array)
#10 /var/www/framework/web/CWebApplication.php(282): CController->run('index')
#11 /var/www/framework/web/CWebApplication.php(141): CWebApplication->runController('gii/crud/index')
#12 /var/www/framework/base/CApplication.php(184): CWebApplication->processRequest()
#13 /var/www/mtaigame/index.php(13): CApplication->run()
#14 {main}
REQUEST_URI=/index.php?r=gii/crud/index
HTTP_REFERER=http://mtaigame.local/index.php?r=gii/crud/index
---
2014/03/01 17:20:31 [error] [exception.CException] exception 'CException' with message 'Alias "admin.models.Data" is invalid. Make sure it points to an existing directory or file.' in /var/www/framework/YiiBase.php:348
Stack trace:
#0 /var/www/framework/gii/generators/crud/CrudCode.php(59): YiiBase::import('admin.models.Da...', true)
#1 /var/www/framework/validators/CInlineValidator.php(42): CrudCode->validateModel('model', Array)
#2 /var/www/framework/validators/CValidator.php(213): CInlineValidator->validateAttribute(Object(CrudCode), 'model')
#3 /var/www/framework/base/CModel.php(159): CValidator->validate(Object(CrudCode), NULL)
#4 /var/www/framework/gii/CCodeGenerator.php(159): CModel->validate()
#5 /var/www/framework/gii/CCodeGenerator.php(63): CCodeGenerator->prepare()
#6 /var/www/framework/web/actions/CInlineAction.php(49): CCodeGenerator->actionIndex()
#7 /var/www/framework/web/CController.php(308): CInlineAction->runWithParams(Array)
#8 /var/www/framework/web/CController.php(286): CController->runAction(Object(CInlineAction))
#9 /var/www/framework/web/CController.php(265): CController->runActionWithFilters(Object(CInlineAction), Array)
#10 /var/www/framework/web/CWebApplication.php(282): CController->run('index')
#11 /var/www/framework/web/CWebApplication.php(141): CWebApplication->runController('gii/crud/index')
#12 /var/www/framework/base/CApplication.php(184): CWebApplication->processRequest()
#13 /var/www/mtaigame/index.php(13): CApplication->run()
#14 {main}
REQUEST_URI=/index.php?r=gii/crud/index
HTTP_REFERER=http://mtaigame.local/index.php?r=gii/crud/index
---
2014/03/01 17:25:57 [error] [exception.CException] exception 'CException' with message 'Alias "application.modules.admin.models.data" is invalid. Make sure it points to an existing PHP file and the file is readable.' in /var/www/framework/YiiBase.php:323
Stack trace:
#0 /var/www/framework/gii/generators/crud/CrudCode.php(59): YiiBase::import('application.mod...', true)
#1 /var/www/framework/validators/CInlineValidator.php(42): CrudCode->validateModel('model', Array)
#2 /var/www/framework/validators/CValidator.php(213): CInlineValidator->validateAttribute(Object(CrudCode), 'model')
#3 /var/www/framework/base/CModel.php(159): CValidator->validate(Object(CrudCode), NULL)
#4 /var/www/framework/gii/CCodeGenerator.php(159): CModel->validate()
#5 /var/www/framework/gii/CCodeGenerator.php(63): CCodeGenerator->prepare()
#6 /var/www/framework/web/actions/CInlineAction.php(49): CCodeGenerator->actionIndex()
#7 /var/www/framework/web/CController.php(308): CInlineAction->runWithParams(Array)
#8 /var/www/framework/web/CController.php(286): CController->runAction(Object(CInlineAction))
#9 /var/www/framework/web/CController.php(265): CController->runActionWithFilters(Object(CInlineAction), Array)
#10 /var/www/framework/web/CWebApplication.php(282): CController->run('index')
#11 /var/www/framework/web/CWebApplication.php(141): CWebApplication->runController('gii/crud/index')
#12 /var/www/framework/base/CApplication.php(184): CWebApplication->processRequest()
#13 /var/www/mtaigame/index.php(13): CApplication->run()
#14 {main}
REQUEST_URI=/index.php?r=gii/crud/index
HTTP_REFERER=http://mtaigame.local/index.php?r=gii/crud/index
---
2014/03/01 17:31:50 [error] [exception.CHttpException.404] exception 'CHttpException' with message 'The system is unable to find the requested action "category".' in /var/www/framework/web/CController.php:483
Stack trace:
#0 /var/www/framework/web/CController.php(270): CController->missingAction('category')
#1 /var/www/framework/web/CWebApplication.php(282): CController->run('category')
#2 /var/www/framework/web/CWebApplication.php(141): CWebApplication->runController('site/category')
#3 /var/www/framework/base/CApplication.php(184): CWebApplication->processRequest()
#4 /var/www/mtaigame/index.php(13): CApplication->run()
#5 {main}
REQUEST_URI=/index.php?r=site/category
---
